Build started 12/18/2017 9:31:05 PM.
     1>Project "D:\Practice\Chapter-5\Lab-5.1.9(3)\Lab-5.1.9(3)\Lab-5.1.9(3).vcxproj" on node 2 (Build target(s)).
     1>Link:
         C:\Program Files (x86)\Microsoft Visual Studio 11.0\VC\bin\link.exe /ERRORREPORT:PROMPT /OUT:"D:\Practice\Chapter-5\Lab-5.1.9(3)\Debug\Lab-5.1.9(3).exe" /INCREMENTAL /NOLOGO kernel32.lib user32.lib gdi32.lib winspool.lib comdlg32.lib advapi32.lib shell32.lib ole32.lib oleaut32.lib uuid.lib odbc32.lib odbccp32.lib /MANIFEST /MANIFESTUAC:"level='asInvoker' uiAccess='false'" /manifest:embed /DEBUG /PDB:"D:\Practice\Chapter-5\Lab-5.1.9(3)\Debug\Lab-5.1.9(3).pdb" /SUBSYSTEM:CONSOLE /TLBID:1 /DYNAMICBASE /NXCOMPAT /IMPLIB:"D:\Practice\Chapter-5\Lab-5.1.9(3)\Debug\Lab-5.1.9(3).lib" /MACHINE:X86 "Debug\Lab-5.1.9(3).obj"
         Debug\stdafx.obj
     1>Lab-5.1.9(3).obj : error LNK2019: unresolved external symbol "public: __thiscall LazySquare::LazySquare(double)" (??0LazySquare@@QAE@N@Z) referenced in function _main
     1>D:\Practice\Chapter-5\Lab-5.1.9(3)\Debug\Lab-5.1.9(3).exe : fatal error LNK1120: 1 unresolved externals
     1>Done Building Project "D:\Practice\Chapter-5\Lab-5.1.9(3)\Lab-5.1.9(3)\Lab-5.1.9(3).vcxproj" (Build target(s)) -- FAILED.

Build FAILED.

Time Elapsed 00:00:00.13
